Using pre-set license
Built from '2020.3/staging' branch; Version is '2020.3.8f1 (507919d4fff5) revision 5273881'; Using compiler version '192528614'; Build Type 'Release'
OS: 'Windows 10 Home Single Language; OS build 19042.985; Version 2009; 64bit' Language: 'es' Physical Memory: 11198 MB
BatchMode: 1, IsHumanControllingUs: 0, StartBugReporterOnCrash: 0, Is64bit: 1, IsPro: 0

 COMMAND LINE ARGUMENTS:
C:\Program Files\Unity\Hub\Editor\2020.3.8f1\Editor\Unity.exe
-adb2
-batchMode
-noUpm
-name
AssetImportWorker0
-projectPath
C:/Users/jhon_/Desktop/Documentos/Unity/Piano
-logFile
Logs/AssetImportWorker0.log
-srvPort
56053
Successfully changed project path to: C:/Users/jhon_/Desktop/Documentos/Unity/Piano
C:/Users/jhon_/Desktop/Documentos/Unity/Piano
Using Asset Import Pipeline V2.
Refreshing native plugins compatible for Editor in 75.27 ms, found 1 plugins.
Preloading 0 native plugins for Editor in 0.00 ms.
Initialize engine version: 2020.3.8f1 (507919d4fff5)
[Subsystems] Discovering subsystems at path C:/Program Files/Unity/Hub/Editor/2020.3.8f1/Editor/Data/Resources/UnitySubsystems
[Subsystems] Discovering subsystems at path C:/Users/jhon_/Desktop/Documentos/Unity/Piano/Assets
GfxDevice: creating device client; threaded=0
Direct3D:
    Version:  Direct3D 11.0 [level 11.1]
    Renderer: AMD Radeon(TM) Vega 6 Graphics (ID=0x15dd)
    Vendor:   
    VRAM:     5599 MB
    Driver:   26.20.14042.2
Initialize mono
Mono path[0] = 'C:/Program Files/Unity/Hub/Editor/2020.3.8f1/Editor/Data/Managed'
Mono path[1] = 'C:/Program Files/Unity/Hub/Editor/2020.3.8f1/Editor/Data/MonoBleedingEdge/lib/mono/unityjit'
Mono config path = 'C:/Program Files/Unity/Hub/Editor/2020.3.8f1/Editor/Data/MonoBleedingEdge/etc'
Using monoOptions --debugger-agent=transport=dt_socket,embedding=1,server=y,suspend=n,address=127.0.0.1:56348
Begin MonoManager ReloadAssembly
Registering precompiled unity dll's ...
Register platform support module: C:/Program Files/Unity/Hub/Editor/2020.3.8f1/Editor/Data/PlaybackEngines/WebGLSupport/UnityEditor.WebGL.Extensions.dll
Register platform support module: C:/Program Files/Unity/Hub/Editor/2020.3.8f1/Editor/Data/PlaybackEngines/WindowsStandaloneSupport/UnityEditor.WindowsStandalone.Extensions.dll
Registered in 0.012970 seconds.
Native extension for WindowsStandalone target not found
Native extension for WebGL target not found
Refreshing native plugins compatible for Editor in 69.34 ms, found 1 plugins.
Preloading 0 native plugins for Editor in 0.00 ms.
Mono: successfully reloaded assembly
- Completed reload, in  3.922 seconds
Platform modules already initialized, skipping
Registering precompiled user dll's ...
Registered in 0.002634 seconds.
Begin MonoManager ReloadAssembly
Native extension for WindowsStandalone target not found
Native extension for WebGL target not found
Refreshing native plugins compatible for Editor in 73.78 ms, found 1 plugins.
Preloading 0 native plugins for Editor in 0.00 ms.
Mono: successfully reloaded assembly
- Completed reload, in  1.833 seconds
Platform modules already initialized, skipping
========================================================================
Worker process is ready to serve import requests
Launched and connected shader compiler UnityShaderCompiler.exe after 0.26 seconds
Refreshing native plugins compatible for Editor in 0.59 ms, found 1 plugins.
Preloading 0 native plugins for Editor in 0.00 ms.
Unloading 1908 Unused Serialized files (Serialized files now loaded: 0)
System memory in use before: 87.5 MB.
System memory in use after: 87.6 MB.

Unloading 32 unused Assets to reduce memory usage. Loaded Objects now: 2342.
Total: 2.918200 ms (FindLiveObjects: 0.262000 ms CreateObjectMapping: 0.063100 ms MarkObjects: 2.493500 ms  DeleteObjects: 0.097900 ms)

========================================================================
Received Import Request.
  path: Assets/img
  artifactKey: Guid(af1b907e5c621494bb31cf518b9c44c3) Importer(815301076,1909f56bfc062723c751e8b465ee728b)
Start importing Assets/img using Guid(af1b907e5c621494bb31cf518b9c44c3) Importer(815301076,1909f56bfc062723c751e8b465ee728b)  -> (artifact id: '0ff2a24521fa0203f1e644a8a4baad76') in 0.013695 seconds
  Import took 0.077315 seconds .

========================================================================
Received Import Request.
  Time since last request: 977.825279 seconds.
  path: Assets/TextMesh Pro/Resources/Fonts & Materials/LiberationSans SDF - Drop Shadow.mat
  artifactKey: Guid(e73a58f6e2794ae7b1b7e50b7fb811b0) Importer(815301076,1909f56bfc062723c751e8b465ee728b)
Start importing Assets/TextMesh Pro/Resources/Fonts & Materials/LiberationSans SDF - Drop Shadow.mat using Guid(e73a58f6e2794ae7b1b7e50b7fb811b0) Importer(815301076,1909f56bfc062723c751e8b465ee728b)  -> (artifact id: 'ca0d2861f60500f05bd29199894f7bb5') in 0.370221 seconds
  Import took 0.409868 seconds .

========================================================================
Received Import Request.
  Time since last request: 0.000415 seconds.
  path: Assets/TextMesh Pro/Resources/Fonts & Materials/LiberationSans SDF - Outline.mat
  artifactKey: Guid(79459efec17a4d00a321bdcc27bbc385) Importer(815301076,1909f56bfc062723c751e8b465ee728b)
Start importing Assets/TextMesh Pro/Resources/Fonts & Materials/LiberationSans SDF - Outline.mat using Guid(79459efec17a4d00a321bdcc27bbc385) Importer(815301076,1909f56bfc062723c751e8b465ee728b)  -> (artifact id: '289988fcecf3b00d1602f8d2b589f7dd') in 0.144879 seconds
  Import took 0.185924 seconds .

========================================================================
Received Import Request.
  Time since last request: 0.000432 seconds.
  path: Assets/TextMesh Pro/Resources/Fonts & Materials/LiberationSans SDF - Fallback.asset
  artifactKey: Guid(2e498d1c8094910479dc3e1b768306a4) Importer(815301076,1909f56bfc062723c751e8b465ee728b)
Start importing Assets/TextMesh Pro/Resources/Fonts & Materials/LiberationSans SDF - Fallback.asset using Guid(2e498d1c8094910479dc3e1b768306a4) Importer(815301076,1909f56bfc062723c751e8b465ee728b)  -> (artifact id: 'b8c2210586957436df79bf961aeff06e') in 0.106485 seconds
  Import took 0.111088 seconds .

========================================================================
Received Import Request.
  Time since last request: 0.000499 seconds.
  path: Assets/TextMesh Pro/Fonts/LiberationSans.ttf
  artifactKey: Guid(e3265ab4bf004d28a9537516768c1c75) Importer(815301076,1909f56bfc062723c751e8b465ee728b)
Start importing Assets/TextMesh Pro/Fonts/LiberationSans.ttf using Guid(e3265ab4bf004d28a9537516768c1c75) Importer(815301076,1909f56bfc062723c751e8b465ee728b)  -> (artifact id: '246556da8ee308a88cd64dac11bb5e10') in 0.089806 seconds
  Import took 0.094494 seconds .

========================================================================
Received Import Request.
  Time since last request: 0.000354 seconds.
  path: Assets/TextMesh Pro/Resources/Fonts & Materials/LiberationSans SDF.asset
  artifactKey: Guid(8f586378b4e144a9851e7b34d9b748ee) Importer(815301076,1909f56bfc062723c751e8b465ee728b)
Start importing Assets/TextMesh Pro/Resources/Fonts & Materials/LiberationSans SDF.asset using Guid(8f586378b4e144a9851e7b34d9b748ee) Importer(815301076,1909f56bfc062723c751e8b465ee728b)  -> (artifact id: 'f1280cc7be10b532b2897fc8654f95d3') in 0.077955 seconds
  Import took 0.099364 seconds .

========================================================================
Received Prepare
Registering precompiled user dll's ...
Registered in 0.003858 seconds.
Begin MonoManager ReloadAssembly
Native extension for WindowsStandalone target not found
Native extension for WebGL target not found
Refreshing native plugins compatible for Editor in 2.45 ms, found 1 plugins.
Preloading 0 native plugins for Editor in 0.00 ms.
Mono: successfully reloaded assembly
- Completed reload, in  2.945 seconds
Platform modules already initialized, skipping
Switching build target platform(5) subTarget(0) extendedPlatform(0) -> platform(13) subTarget(537395200) extendedPlatform(0)
Refreshing native plugins compatible for Editor in 1.05 ms, found 1 plugins.
Preloading 0 native plugins for Editor in 0.00 ms.
Unloading 1914 Unused Serialized files (Serialized files now loaded: 0)
System memory in use before: 92.8 MB.
System memory in use after: 92.3 MB.

Unloading 32 unused Assets to reduce memory usage. Loaded Objects now: 2391.
Total: 53.529700 ms (FindLiveObjects: 3.416000 ms CreateObjectMapping: 1.023100 ms MarkObjects: 42.885700 ms  DeleteObjects: 6.199300 ms)

AssetImportParameters requested are different than current active one (requested -> active):
  custom:graphics/normal-map-encoding: 01000000000000000000000000000000 -> 02000000000000000000000000000000
========================================================================
Received Import Request.
  Time since last request: 280.413095 seconds.
  path: Assets/TextMesh Pro/Resources/Style Sheets/Default Style Sheet.asset
  artifactKey: Guid(f952c082cb03451daed3ee968ac6c63e) Importer(815301076,1909f56bfc062723c751e8b465ee728b)
Start importing Assets/TextMesh Pro/Resources/Style Sheets/Default Style Sheet.asset using Guid(f952c082cb03451daed3ee968ac6c63e) Importer(815301076,1909f56bfc062723c751e8b465ee728b)  -> (artifact id: '99846f5a5cef2b9fb3476a6a84d35918') in 0.052227 seconds
  Import took 0.059885 seconds .

========================================================================
Received Import Request.
  Time since last request: 0.000813 seconds.
  path: Assets/TextMesh Pro/Sprites/EmojiOne.png
  artifactKey: Guid(dffef66376be4fa480fb02b19edbe903) Importer(815301076,1909f56bfc062723c751e8b465ee728b)
Start importing Assets/TextMesh Pro/Sprites/EmojiOne.png using Guid(dffef66376be4fa480fb02b19edbe903) Importer(815301076,1909f56bfc062723c751e8b465ee728b)  -> (artifact id: '1bdbab79574d9199534a6046307e1746') in 0.134990 seconds
  Import took 0.166188 seconds .

========================================================================
Received Import Request.
  Time since last request: 0.000452 seconds.
  path: Assets/TextMesh Pro/Resources/Style Sheets/Default Style Sheet.asset
  artifactKey: Guid(f952c082cb03451daed3ee968ac6c63e) Importer(815301076,1909f56bfc062723c751e8b465ee728b)
Start importing Assets/TextMesh Pro/Resources/Style Sheets/Default Style Sheet.asset using Guid(f952c082cb03451daed3ee968ac6c63e) Importer(815301076,1909f56bfc062723c751e8b465ee728b)  -> (artifact id: '99846f5a5cef2b9fb3476a6a84d35918') in 0.017624 seconds
  Import took 0.023378 seconds .

========================================================================
Received Import Request.
  Time since last request: 0.000459 seconds.
  path: Assets/TextMesh Pro/Resources/Sprite Assets/EmojiOne.asset
  artifactKey: Guid(c41005c129ba4d66911b75229fd70b45) Importer(815301076,1909f56bfc062723c751e8b465ee728b)
Start importing Assets/TextMesh Pro/Resources/Sprite Assets/EmojiOne.asset using Guid(c41005c129ba4d66911b75229fd70b45) Importer(815301076,1909f56bfc062723c751e8b465ee728b)  -> (artifact id: '093a2cdfc4701742cd4e2e9653a3929b') in 0.040979 seconds
  Import took 0.047849 seconds .

========================================================================
Received Import Request.
  Time since last request: 4.046553 seconds.
  path: Assets/img/logo.png
  artifactKey: Guid(fbf29c63fe3d5674ca938457400d6184) Importer(815301076,1909f56bfc062723c751e8b465ee728b)
Start importing Assets/img/logo.png using Guid(fbf29c63fe3d5674ca938457400d6184) Importer(815301076,1909f56bfc062723c751e8b465ee728b)  -> (artifact id: '7e192f4e75c371389fec982176e2edec') in 0.090007 seconds
  Import took 0.154790 seconds .

========================================================================
Received Import Request.
  Time since last request: 0.008440 seconds.
  path: Assets/Editor/com.unity.mobile.notifications/NotificationSettings.asset
  artifactKey: Guid(4cee8bca36f2ab74b8feb832747fa6f4) Importer(815301076,1909f56bfc062723c751e8b465ee728b)
Start importing Assets/Editor/com.unity.mobile.notifications/NotificationSettings.asset using Guid(4cee8bca36f2ab74b8feb832747fa6f4) Importer(815301076,1909f56bfc062723c751e8b465ee728b)  -> (artifact id: 'ed81eb14f0998a09d0cbd7ea3d01d7a8') in 0.031655 seconds
  Import took 0.043259 seconds .

========================================================================
Received Import Request.
  Time since last request: 0.276997 seconds.
  path: Assets/TextMesh Pro/Resources/TMP Settings.asset
  artifactKey: Guid(3f5b5dff67a942289a9defa416b206f3) Importer(815301076,1909f56bfc062723c751e8b465ee728b)
Start importing Assets/TextMesh Pro/Resources/TMP Settings.asset using Guid(3f5b5dff67a942289a9defa416b206f3) Importer(815301076,1909f56bfc062723c751e8b465ee728b)  -> (artifact id: '80217e6c75f9d2e4957cbc8093faaf48') in 0.140084 seconds
  Import took 0.148437 seconds .

========================================================================
Received Prepare
Registering precompiled user dll's ...
Registered in 0.004151 seconds.
Begin MonoManager ReloadAssembly
Native extension for WindowsStandalone target not found
Native extension for WebGL target not found
Refreshing native plugins compatible for Editor in 1.89 ms, found 1 plugins.
Preloading 0 native plugins for Editor in 0.00 ms.
Mono: successfully reloaded assembly
- Completed reload, in  2.509 seconds
Platform modules already initialized, skipping
Switching build target platform(5) subTarget(0) extendedPlatform(0) -> platform(13) subTarget(537395200) extendedPlatform(0)
Refreshing native plugins compatible for Editor in 1.47 ms, found 1 plugins.
Preloading 0 native plugins for Editor in 0.00 ms.
Unloading 1913 Unused Serialized files (Serialized files now loaded: 0)
System memory in use before: 92.7 MB.
System memory in use after: 92.2 MB.

Unloading 32 unused Assets to reduce memory usage. Loaded Objects now: 2398.
Total: 11.743500 ms (FindLiveObjects: 0.663900 ms CreateObjectMapping: 0.154300 ms MarkObjects: 9.997200 ms  DeleteObjects: 0.924500 ms)

AssetImportParameters requested are different than current active one (requested -> active):
  custom:graphics/normal-map-encoding: 01000000000000000000000000000000 -> 02000000000000000000000000000000
========================================================================
Received Prepare
Registering precompiled user dll's ...
Registered in 0.005733 seconds.
Begin MonoManager ReloadAssembly
Native extension for WindowsStandalone target not found
Native extension for WebGL target not found
Refreshing native plugins compatible for Editor in 1.10 ms, found 1 plugins.
Preloading 0 native plugins for Editor in 0.00 ms.
Mono: successfully reloaded assembly
- Completed reload, in  3.007 seconds
Platform modules already initialized, skipping
Switching build target platform(5) subTarget(0) extendedPlatform(0) -> platform(13) subTarget(537395200) extendedPlatform(0)
Refreshing native plugins compatible for Editor in 1.82 ms, found 1 plugins.
Preloading 0 native plugins for Editor in 0.00 ms.
Unloading 1913 Unused Serialized files (Serialized files now loaded: 0)
System memory in use before: 92.8 MB.
System memory in use after: 92.3 MB.

Unloading 32 unused Assets to reduce memory usage. Loaded Objects now: 2402.
Total: 8.895200 ms (FindLiveObjects: 0.641600 ms CreateObjectMapping: 0.113900 ms MarkObjects: 7.248200 ms  DeleteObjects: 0.885700 ms)

AssetImportParameters requested are different than current active one (requested -> active):
  custom:graphics/normal-map-encoding: 01000000000000000000000000000000 -> 02000000000000000000000000000000
========================================================================
Received Prepare
Registering precompiled user dll's ...
Registered in 0.002975 seconds.
Begin MonoManager ReloadAssembly
Native extension for WindowsStandalone target not found
Native extension for WebGL target not found
Refreshing native plugins compatible for Editor in 0.76 ms, found 1 plugins.
Preloading 0 native plugins for Editor in 0.00 ms.
Mono: successfully reloaded assembly
- Completed reload, in  2.504 seconds
Platform modules already initialized, skipping
Switching build target platform(5) subTarget(0) extendedPlatform(0) -> platform(13) subTarget(537395200) extendedPlatform(0)
Refreshing native plugins compatible for Editor in 1.09 ms, found 1 plugins.
Preloading 0 native plugins for Editor in 0.00 ms.
Unloading 1913 Unused Serialized files (Serialized files now loaded: 0)
System memory in use before: 92.8 MB.
System memory in use after: 92.3 MB.

Unloading 32 unused Assets to reduce memory usage. Loaded Objects now: 2406.
Total: 6.430000 ms (FindLiveObjects: 0.374000 ms CreateObjectMapping: 0.102300 ms MarkObjects: 4.367800 ms  DeleteObjects: 1.581900 ms)

AssetImportParameters requested are different than current active one (requested -> active):
  custom:graphics/normal-map-encoding: 01000000000000000000000000000000 -> 02000000000000000000000000000000
========================================================================
Received Prepare
Refreshing native plugins compatible for Editor in 26.04 ms, found 1 plugins.
Preloading 0 native plugins for Editor in 0.00 ms.
Unloading 30 Unused Serialized files (Serialized files now loaded: 0)
System memory in use before: 55.6 MB.
System memory in use after: 55.1 MB.

Unloading 30 unused Assets to reduce memory usage. Loaded Objects now: 2406.
Total: 6.015300 ms (FindLiveObjects: 0.659500 ms CreateObjectMapping: 0.195000 ms MarkObjects: 4.409200 ms  DeleteObjects: 0.748300 ms)

========================================================================
Received Prepare
Refreshing native plugins compatible for Editor in 36.42 ms, found 1 plugins.
Preloading 0 native plugins for Editor in 0.00 ms.
Unloading 30 Unused Serialized files (Serialized files now loaded: 0)
System memory in use before: 55.6 MB.
System memory in use after: 55.1 MB.

Unloading 30 unused Assets to reduce memory usage. Loaded Objects now: 2406.
Total: 5.190100 ms (FindLiveObjects: 0.322600 ms CreateObjectMapping: 0.089600 ms MarkObjects: 3.914400 ms  DeleteObjects: 0.860400 ms)

========================================================================
Received Prepare
Refreshing native plugins compatible for Editor in 35.53 ms, found 1 plugins.
Preloading 0 native plugins for Editor in 0.00 ms.
Unloading 30 Unused Serialized files (Serialized files now loaded: 0)
System memory in use before: 55.6 MB.
System memory in use after: 55.1 MB.

Unloading 30 unused Assets to reduce memory usage. Loaded Objects now: 2406.
Total: 6.089700 ms (FindLiveObjects: 0.487100 ms CreateObjectMapping: 0.122600 ms MarkObjects: 4.720600 ms  DeleteObjects: 0.756900 ms)

========================================================================
Received Prepare
Refreshing native plugins compatible for Editor in 19.36 ms, found 1 plugins.
Preloading 0 native plugins for Editor in 0.00 ms.
Unloading 30 Unused Serialized files (Serialized files now loaded: 0)
System memory in use before: 55.6 MB.
System memory in use after: 55.1 MB.

Unloading 30 unused Assets to reduce memory usage. Loaded Objects now: 2406.
Total: 3.526900 ms (FindLiveObjects: 0.253900 ms CreateObjectMapping: 0.055700 ms MarkObjects: 2.727800 ms  DeleteObjects: 0.488000 ms)

========================================================================
Received Import Request.
  Time since last request: 3482.855905 seconds.
  path: Assets/Scenes
  artifactKey: Guid(bbbc74fad6ed1d243aee6102298f428b) Importer(815301076,1909f56bfc062723c751e8b465ee728b)
Start importing Assets/Scenes using Guid(bbbc74fad6ed1d243aee6102298f428b) Importer(815301076,1909f56bfc062723c751e8b465ee728b)  -> (artifact id: 'e2f5d9c482259fc97b3f344a61ab00ed') in 0.017248 seconds
  Import took 0.066522 seconds .

========================================================================
Received Import Request.
  Time since last request: 0.564319 seconds.
  path: Assets/TextMesh Pro
  artifactKey: Guid(f54d1bd14bd3ca042bd867b519fee8cc) Importer(815301076,1909f56bfc062723c751e8b465ee728b)
Start importing Assets/TextMesh Pro using Guid(f54d1bd14bd3ca042bd867b519fee8cc) Importer(815301076,1909f56bfc062723c751e8b465ee728b)  -> (artifact id: '16b4cbde9565bf190136f1148817e1ea') in 0.012936 seconds
  Import took 0.103797 seconds .

========================================================================
Received Import Request.
  Time since last request: 2.248853 seconds.
  path: Assets
  artifactKey: Guid(00000000000000001000000000000000) Importer(815301076,1909f56bfc062723c751e8b465ee728b)
Start importing Assets using Guid(00000000000000001000000000000000) Importer(815301076,1909f56bfc062723c751e8b465ee728b)  -> (artifact id: '42d402b061de3733987d63b9cc3b64de') in 0.015396 seconds
  Import took 0.129360 seconds .

========================================================================
Received Import Request.
  Time since last request: 7.046372 seconds.
  path: Assets/sounds
  artifactKey: Guid(6366b4972072d3848be26304c9c0b03e) Importer(815301076,1909f56bfc062723c751e8b465ee728b)
Start importing Assets/sounds using Guid(6366b4972072d3848be26304c9c0b03e) Importer(815301076,1909f56bfc062723c751e8b465ee728b)  -> (artifact id: '9df7d1de4817f11e5f37cae3d274d8e5') in 0.014188 seconds
  Import took 0.018621 seconds .

========================================================================
Received Prepare
Registering precompiled user dll's ...
Registered in 0.002471 seconds.
Begin MonoManager ReloadAssembly
Native extension for WindowsStandalone target not found
Native extension for WebGL target not found
Refreshing native plugins compatible for Editor in 0.82 ms, found 1 plugins.
Preloading 0 native plugins for Editor in 0.00 ms.
Mono: successfully reloaded assembly
- Completed reload, in  2.012 seconds
Platform modules already initialized, skipping
Switching build target platform(5) subTarget(0) extendedPlatform(0) -> platform(13) subTarget(537395200) extendedPlatform(0)
Refreshing native plugins compatible for Editor in 0.81 ms, found 1 plugins.
Preloading 0 native plugins for Editor in 0.00 ms.
Unloading 1913 Unused Serialized files (Serialized files now loaded: 0)
System memory in use before: 92.8 MB.
System memory in use after: 92.3 MB.

Unloading 32 unused Assets to reduce memory usage. Loaded Objects now: 2410.
Total: 3.420800 ms (FindLiveObjects: 0.327800 ms CreateObjectMapping: 0.089900 ms MarkObjects: 2.519900 ms  DeleteObjects: 0.481100 ms)

AssetImportParameters requested are different than current active one (requested -> active):
  custom:graphics/normal-map-encoding: 01000000000000000000000000000000 -> 02000000000000000000000000000000
========================================================================
Received Prepare
Registering precompiled user dll's ...
Registered in 0.004659 seconds.
Begin MonoManager ReloadAssembly
Native extension for WindowsStandalone target not found
Native extension for WebGL target not found
Refreshing native plugins compatible for Editor in 1.61 ms, found 1 plugins.
Preloading 0 native plugins for Editor in 0.00 ms.
Mono: successfully reloaded assembly
- Completed reload, in  3.400 seconds
Platform modules already initialized, skipping
Switching build target platform(5) subTarget(0) extendedPlatform(0) -> platform(13) subTarget(537395200) extendedPlatform(0)
Refreshing native plugins compatible for Editor in 1.17 ms, found 1 plugins.
Preloading 0 native plugins for Editor in 0.00 ms.
Unloading 1913 Unused Serialized files (Serialized files now loaded: 0)
System memory in use before: 92.8 MB.
System memory in use after: 92.3 MB.

Unloading 32 unused Assets to reduce memory usage. Loaded Objects now: 2414.
Total: 5.524300 ms (FindLiveObjects: 0.570100 ms CreateObjectMapping: 0.174700 ms MarkObjects: 3.940900 ms  DeleteObjects: 0.835800 ms)

AssetImportParameters requested are different than current active one (requested -> active):
  custom:graphics/normal-map-encoding: 01000000000000000000000000000000 -> 02000000000000000000000000000000
========================================================================
Received Prepare
Registering precompiled user dll's ...
Registered in 0.004230 seconds.
Begin MonoManager ReloadAssembly
Native extension for WindowsStandalone target not found
Native extension for WebGL target not found
Refreshing native plugins compatible for Editor in 0.93 ms, found 1 plugins.
Preloading 0 native plugins for Editor in 0.00 ms.
Mono: successfully reloaded assembly
- Completed reload, in  3.088 seconds
Platform modules already initialized, skipping
Switching build target platform(5) subTarget(0) extendedPlatform(0) -> platform(13) subTarget(537395200) extendedPlatform(0)
Refreshing native plugins compatible for Editor in 1.39 ms, found 1 plugins.
Preloading 0 native plugins for Editor in 0.00 ms.
Unloading 1913 Unused Serialized files (Serialized files now loaded: 0)
System memory in use before: 92.8 MB.
System memory in use after: 92.3 MB.

Unloading 32 unused Assets to reduce memory usage. Loaded Objects now: 2418.
Total: 4.132900 ms (FindLiveObjects: 0.363600 ms CreateObjectMapping: 0.102400 ms MarkObjects: 3.095800 ms  DeleteObjects: 0.568900 ms)

AssetImportParameters requested are different than current active one (requested -> active):
  custom:graphics/normal-map-encoding: 01000000000000000000000000000000 -> 02000000000000000000000000000000
========================================================================
Received Prepare
Refreshing native plugins compatible for Editor in 19.32 ms, found 1 plugins.
Preloading 0 native plugins for Editor in 0.00 ms.
Unloading 30 Unused Serialized files (Serialized files now loaded: 0)
System memory in use before: 55.6 MB.
System memory in use after: 55.1 MB.

Unloading 30 unused Assets to reduce memory usage. Loaded Objects now: 2418.
Total: 4.406200 ms (FindLiveObjects: 0.293400 ms CreateObjectMapping: 0.072100 ms MarkObjects: 3.467700 ms  DeleteObjects: 0.570100 ms)

========================================================================
Received Import Request.
  Time since last request: 1762.126628 seconds.
  path: Assets/sounds/DO#.wav
  artifactKey: Guid(be73a1bac16750f43903bce4cdeeec84) Importer(815301076,1909f56bfc062723c751e8b465ee728b)
Start importing Assets/sounds/DO#.wav using Guid(be73a1bac16750f43903bce4cdeeec84) Importer(815301076,1909f56bfc062723c751e8b465ee728b)  -> (artifact id: 'b82c9bb817f836e292363cc2597f6ed8') in 0.210109 seconds
  Import took 0.215911 seconds .

========================================================================
Received Prepare
Registering precompiled user dll's ...
Registered in 0.003710 seconds.
Begin MonoManager ReloadAssembly
Native extension for WindowsStandalone target not found
Native extension for WebGL target not found
Refreshing native plugins compatible for Editor in 0.81 ms, found 1 plugins.
Preloading 0 native plugins for Editor in 0.00 ms.
Mono: successfully reloaded assembly
- Completed reload, in  3.075 seconds
Platform modules already initialized, skipping
Switching build target platform(5) subTarget(0) extendedPlatform(0) -> platform(13) subTarget(537395200) extendedPlatform(0)
Refreshing native plugins compatible for Editor in 0.65 ms, found 1 plugins.
Preloading 0 native plugins for Editor in 0.00 ms.
Unloading 1913 Unused Serialized files (Serialized files now loaded: 0)
System memory in use before: 92.9 MB.
System memory in use after: 92.4 MB.

Unloading 32 unused Assets to reduce memory usage. Loaded Objects now: 2425.
Total: 4.444200 ms (FindLiveObjects: 0.425500 ms CreateObjectMapping: 0.210300 ms MarkObjects: 3.340700 ms  DeleteObjects: 0.465600 ms)

AssetImportParameters requested are different than current active one (requested -> active):
  custom:graphics/normal-map-encoding: 01000000000000000000000000000000 -> 02000000000000000000000000000000
========================================================================
Received Prepare
Refreshing native plugins compatible for Editor in 29.93 ms, found 1 plugins.
Preloading 0 native plugins for Editor in 0.00 ms.
Unloading 30 Unused Serialized files (Serialized files now loaded: 0)
System memory in use before: 55.7 MB.
System memory in use after: 55.2 MB.

Unloading 30 unused Assets to reduce memory usage. Loaded Objects now: 2425.
Total: 5.844300 ms (FindLiveObjects: 0.303700 ms CreateObjectMapping: 0.085200 ms MarkObjects: 4.592800 ms  DeleteObjects: 0.860100 ms)

========================================================================
Received Prepare
Registering precompiled user dll's ...
Registered in 0.002712 seconds.
Begin MonoManager ReloadAssembly
Native extension for WindowsStandalone target not found
Native extension for WebGL target not found
Refreshing native plugins compatible for Editor in 1.51 ms, found 1 plugins.
Preloading 0 native plugins for Editor in 0.00 ms.
Mono: successfully reloaded assembly
- Completed reload, in  2.592 seconds
Platform modules already initialized, skipping
Switching build target platform(5) subTarget(0) extendedPlatform(0) -> platform(13) subTarget(537395200) extendedPlatform(0)
Refreshing native plugins compatible for Editor in 0.65 ms, found 1 plugins.
Preloading 0 native plugins for Editor in 0.00 ms.
Unloading 1913 Unused Serialized files (Serialized files now loaded: 0)
System memory in use before: 92.9 MB.
System memory in use after: 92.4 MB.

Unloading 32 unused Assets to reduce memory usage. Loaded Objects now: 2429.
Total: 4.332200 ms (FindLiveObjects: 0.286400 ms CreateObjectMapping: 0.062700 ms MarkObjects: 3.483500 ms  DeleteObjects: 0.496100 ms)

AssetImportParameters requested are different than current active one (requested -> active):
  custom:graphics/normal-map-encoding: 01000000000000000000000000000000 -> 02000000000000000000000000000000
========================================================================
Received Prepare
Refreshing native plugins compatible for Editor in 17.46 ms, found 1 plugins.
Preloading 0 native plugins for Editor in 0.00 ms.
Unloading 30 Unused Serialized files (Serialized files now loaded: 0)
System memory in use before: 55.7 MB.
System memory in use after: 55.2 MB.

Unloading 30 unused Assets to reduce memory usage. Loaded Objects now: 2429.
Total: 3.361100 ms (FindLiveObjects: 0.294700 ms CreateObjectMapping: 0.086700 ms MarkObjects: 2.459600 ms  DeleteObjects: 0.518200 ms)

========================================================================
Received Prepare
Refreshing native plugins compatible for Editor in 20.70 ms, found 1 plugins.
Preloading 0 native plugins for Editor in 0.00 ms.
Unloading 30 Unused Serialized files (Serialized files now loaded: 0)
System memory in use before: 55.7 MB.
System memory in use after: 55.2 MB.

Unloading 30 unused Assets to reduce memory usage. Loaded Objects now: 2429.
Total: 4.543400 ms (FindLiveObjects: 0.262500 ms CreateObjectMapping: 0.057400 ms MarkObjects: 3.175300 ms  DeleteObjects: 1.046000 ms)

========================================================================
Received Import Request.
  Time since last request: 854.403284 seconds.
  path: Assets/sounds/DO.wav
  artifactKey: Guid(0fb28f5f0e5a01c4ab1992cef6ad584e) Importer(815301076,1909f56bfc062723c751e8b465ee728b)
Start importing Assets/sounds/DO.wav using Guid(0fb28f5f0e5a01c4ab1992cef6ad584e) Importer(815301076,1909f56bfc062723c751e8b465ee728b)  -> (artifact id: 'fe1fc52c6a01be75e03d34ee106ea89b') in 0.099533 seconds
  Import took 0.193714 seconds .

========================================================================
Received Import Request.
  Time since last request: 0.000514 seconds.
  path: Assets/sounds/DO2.wav
  artifactKey: Guid(b8b560c7d1d1c9c4bb8e404650b111cf) Importer(815301076,1909f56bfc062723c751e8b465ee728b)
Start importing Assets/sounds/DO2.wav using Guid(b8b560c7d1d1c9c4bb8e404650b111cf) Importer(815301076,1909f56bfc062723c751e8b465ee728b)  -> (artifact id: '46dcb13107f24364fd1f11162f43aa12') in 0.032098 seconds
  Import took 0.039890 seconds .

========================================================================
Received Import Request.
  Time since last request: 0.000444 seconds.
  path: Assets/sounds/DO.wav
  artifactKey: Guid(0fb28f5f0e5a01c4ab1992cef6ad584e) Importer(815301076,1909f56bfc062723c751e8b465ee728b)
Start importing Assets/sounds/DO.wav using Guid(0fb28f5f0e5a01c4ab1992cef6ad584e) Importer(815301076,1909f56bfc062723c751e8b465ee728b)  -> (artifact id: 'fe1fc52c6a01be75e03d34ee106ea89b') in 0.033464 seconds
  Import took 0.038740 seconds .

========================================================================
Received Import Request.
  Time since last request: 0.000404 seconds.
  path: Assets/sounds/DO2.wav
  artifactKey: Guid(b8b560c7d1d1c9c4bb8e404650b111cf) Importer(815301076,1909f56bfc062723c751e8b465ee728b)
Start importing Assets/sounds/DO2.wav using Guid(b8b560c7d1d1c9c4bb8e404650b111cf) Importer(815301076,1909f56bfc062723c751e8b465ee728b)  -> (artifact id: '46dcb13107f24364fd1f11162f43aa12') in 0.043689 seconds
  Import took 0.049303 seconds .

========================================================================
Received Prepare
Registering precompiled user dll's ...
Registered in 0.004677 seconds.
Begin MonoManager ReloadAssembly
Native extension for WindowsStandalone target not found
Native extension for WebGL target not found
Refreshing native plugins compatible for Editor in 0.73 ms, found 1 plugins.
Preloading 0 native plugins for Editor in 0.00 ms.
Mono: successfully reloaded assembly
- Completed reload, in  3.866 seconds
Platform modules already initialized, skipping
Switching build target platform(5) subTarget(0) extendedPlatform(0) -> platform(13) subTarget(537395200) extendedPlatform(0)
Refreshing native plugins compatible for Editor in 1.84 ms, found 1 plugins.
Preloading 0 native plugins for Editor in 0.00 ms.
Unloading 1913 Unused Serialized files (Serialized files now loaded: 0)
System memory in use before: 92.9 MB.
System memory in use after: 92.4 MB.

Unloading 32 unused Assets to reduce memory usage. Loaded Objects now: 2434.
Total: 7.054000 ms (FindLiveObjects: 0.546500 ms CreateObjectMapping: 0.091500 ms MarkObjects: 5.459100 ms  DeleteObjects: 0.953300 ms)

AssetImportParameters requested are different than current active one (requested -> active):
  custom:graphics/normal-map-encoding: 01000000000000000000000000000000 -> 02000000000000000000000000000000
========================================================================
Received Prepare
Registering precompiled user dll's ...
Registered in 0.011286 seconds.
Begin MonoManager ReloadAssembly
Native extension for WindowsStandalone target not found
Native extension for WebGL target not found
Refreshing native plugins compatible for Editor in 0.72 ms, found 1 plugins.
Preloading 0 native plugins for Editor in 0.00 ms.
Mono: successfully reloaded assembly
- Completed reload, in  4.056 seconds
Platform modules already initialized, skipping
Switching build target platform(5) subTarget(0) extendedPlatform(0) -> platform(13) subTarget(537395200) extendedPlatform(0)
Refreshing native plugins compatible for Editor in 1.18 ms, found 1 plugins.
Preloading 0 native plugins for Editor in 0.00 ms.
Unloading 1913 Unused Serialized files (Serialized files now loaded: 0)
System memory in use before: 92.9 MB.
System memory in use after: 92.4 MB.

Unloading 32 unused Assets to reduce memory usage. Loaded Objects now: 2438.
Total: 14.109300 ms (FindLiveObjects: 0.606000 ms CreateObjectMapping: 0.229100 ms MarkObjects: 9.057700 ms  DeleteObjects: 4.210900 ms)

AssetImportParameters requested are different than current active one (requested -> active):
  custom:graphics/normal-map-encoding: 01000000000000000000000000000000 -> 02000000000000000000000000000000
========================================================================
Received Prepare
Registering precompiled user dll's ...
Registered in 0.005265 seconds.
Begin MonoManager ReloadAssembly
Native extension for WindowsStandalone target not found
Native extension for WebGL target not found
Refreshing native plugins compatible for Editor in 1.48 ms, found 1 plugins.
Preloading 0 native plugins for Editor in 0.00 ms.
Mono: successfully reloaded assembly
- Completed reload, in  4.111 seconds
Platform modules already initialized, skipping
Switching build target platform(5) subTarget(0) extendedPlatform(0) -> platform(13) subTarget(537395200) extendedPlatform(0)
Refreshing native plugins compatible for Editor in 1.33 ms, found 1 plugins.
Preloading 0 native plugins for Editor in 0.00 ms.
Unloading 1913 Unused Serialized files (Serialized files now loaded: 0)
System memory in use before: 92.9 MB.
System memory in use after: 92.4 MB.

Unloading 32 unused Assets to reduce memory usage. Loaded Objects now: 2442.
Total: 9.258600 ms (FindLiveObjects: 0.728500 ms CreateObjectMapping: 0.117700 ms MarkObjects: 7.718000 ms  DeleteObjects: 0.691400 ms)

AssetImportParameters requested are different than current active one (requested -> active):
  custom:graphics/normal-map-encoding: 01000000000000000000000000000000 -> 02000000000000000000000000000000
========================================================================
Received Prepare
Registering precompiled user dll's ...
Registered in 0.006131 seconds.
Begin MonoManager ReloadAssembly
Native extension for WindowsStandalone target not found
Native extension for WebGL target not found
Refreshing native plugins compatible for Editor in 0.75 ms, found 1 plugins.
Preloading 0 native plugins for Editor in 0.00 ms.
Mono: successfully reloaded assembly
- Completed reload, in  4.323 seconds
Platform modules already initialized, skipping
Switching build target platform(5) subTarget(0) extendedPlatform(0) -> platform(13) subTarget(537395200) extendedPlatform(0)
Refreshing native plugins compatible for Editor in 2.99 ms, found 1 plugins.
Preloading 0 native plugins for Editor in 0.00 ms.
Unloading 1913 Unused Serialized files (Serialized files now loaded: 0)
System memory in use before: 92.9 MB.
System memory in use after: 92.4 MB.

Unloading 32 unused Assets to reduce memory usage. Loaded Objects now: 2446.
Total: 6.580800 ms (FindLiveObjects: 0.426500 ms CreateObjectMapping: 0.158700 ms MarkObjects: 4.907600 ms  DeleteObjects: 1.084200 ms)

AssetImportParameters requested are different than current active one (requested -> active):
  custom:graphics/normal-map-encoding: 01000000000000000000000000000000 -> 02000000000000000000000000000000
========================================================================
Received Prepare
Registering precompiled user dll's ...
Registered in 0.003467 seconds.
Begin MonoManager ReloadAssembly
Native extension for WindowsStandalone target not found
Native extension for WebGL target not found
Refreshing native plugins compatible for Editor in 1.33 ms, found 1 plugins.
Preloading 0 native plugins for Editor in 0.00 ms.
Mono: successfully reloaded assembly
- Completed reload, in  5.041 seconds
Platform modules already initialized, skipping
Switching build target platform(5) subTarget(0) extendedPlatform(0) -> platform(13) subTarget(537395200) extendedPlatform(0)
Refreshing native plugins compatible for Editor in 1.57 ms, found 1 plugins.
Preloading 0 native plugins for Editor in 0.00 ms.
Unloading 1913 Unused Serialized files (Serialized files now loaded: 0)
System memory in use before: 92.9 MB.
System memory in use after: 92.4 MB.

Unloading 32 unused Assets to reduce memory usage. Loaded Objects now: 2450.
Total: 6.643400 ms (FindLiveObjects: 0.704900 ms CreateObjectMapping: 0.070100 ms MarkObjects: 5.287700 ms  DeleteObjects: 0.576700 ms)

AssetImportParameters requested are different than current active one (requested -> active):
  custom:graphics/normal-map-encoding: 01000000000000000000000000000000 -> 02000000000000000000000000000000
========================================================================
Received Prepare
Registering precompiled user dll's ...
Registered in 0.004869 seconds.
Begin MonoManager ReloadAssembly
Native extension for WindowsStandalone target not found
Native extension for WebGL target not found
Refreshing native plugins compatible for Editor in 0.88 ms, found 1 plugins.
Preloading 0 native plugins for Editor in 0.00 ms.
Mono: successfully reloaded assembly
- Completed reload, in  4.691 seconds
Platform modules already initialized, skipping
Switching build target platform(5) subTarget(0) extendedPlatform(0) -> platform(13) subTarget(537395200) extendedPlatform(0)
Refreshing native plugins compatible for Editor in 0.95 ms, found 1 plugins.
Preloading 0 native plugins for Editor in 0.00 ms.
Unloading 1913 Unused Serialized files (Serialized files now loaded: 0)
System memory in use before: 92.9 MB.
System memory in use after: 92.4 MB.

Unloading 32 unused Assets to reduce memory usage. Loaded Objects now: 2454.
Total: 5.968300 ms (FindLiveObjects: 0.363700 ms CreateObjectMapping: 0.107000 ms MarkObjects: 4.821700 ms  DeleteObjects: 0.673400 ms)

AssetImportParameters requested are different than current active one (requested -> active):
  custom:graphics/normal-map-encoding: 01000000000000000000000000000000 -> 02000000000000000000000000000000
========================================================================
Received Prepare
Refreshing native plugins compatible for Editor in 26.45 ms, found 1 plugins.
Preloading 0 native plugins for Editor in 0.00 ms.
Unloading 30 Unused Serialized files (Serialized files now loaded: 0)
System memory in use before: 55.8 MB.
System memory in use after: 55.3 MB.

Unloading 30 unused Assets to reduce memory usage. Loaded Objects now: 2454.
Total: 3.527700 ms (FindLiveObjects: 0.288400 ms CreateObjectMapping: 0.061000 ms MarkObjects: 2.664400 ms  DeleteObjects: 0.512500 ms)

========================================================================
Received Prepare
Registering precompiled user dll's ...
Registered in 0.004450 seconds.
Begin MonoManager ReloadAssembly
Native extension for WindowsStandalone target not found
Native extension for WebGL target not found
Refreshing native plugins compatible for Editor in 0.96 ms, found 1 plugins.
Preloading 0 native plugins for Editor in 0.00 ms.
Mono: successfully reloaded assembly
- Completed reload, in  2.639 seconds
Platform modules already initialized, skipping
Refreshing native plugins compatible for Editor in 1.23 ms, found 1 plugins.
Preloading 0 native plugins for Editor in 0.00 ms.
Unloading 1909 Unused Serialized files (Serialized files now loaded: 0)
System memory in use before: 93.0 MB.
System memory in use after: 92.5 MB.

Unloading 32 unused Assets to reduce memory usage. Loaded Objects now: 2458.
Total: 8.129000 ms (FindLiveObjects: 0.496400 ms CreateObjectMapping: 0.650300 ms MarkObjects: 6.108100 ms  DeleteObjects: 0.869900 ms)

========================================================================
Received Prepare
Refreshing native plugins compatible for Editor in 25.35 ms, found 1 plugins.
Preloading 0 native plugins for Editor in 0.00 ms.
Unloading 30 Unused Serialized files (Serialized files now loaded: 0)
System memory in use before: 55.8 MB.
System memory in use after: 55.3 MB.

Unloading 30 unused Assets to reduce memory usage. Loaded Objects now: 2458.
Total: 4.116200 ms (FindLiveObjects: 0.419500 ms CreateObjectMapping: 0.083400 ms MarkObjects: 2.941600 ms  DeleteObjects: 0.669900 ms)

========================================================================
Received Prepare
Refreshing native plugins compatible for Editor in 25.22 ms, found 1 plugins.
Preloading 0 native plugins for Editor in 0.00 ms.
Unloading 30 Unused Serialized files (Serialized files now loaded: 0)
System memory in use before: 55.8 MB.
System memory in use after: 55.3 MB.

Unloading 30 unused Assets to reduce memory usage. Loaded Objects now: 2458.
Total: 4.795400 ms (FindLiveObjects: 0.359400 ms CreateObjectMapping: 0.116300 ms MarkObjects: 3.673500 ms  DeleteObjects: 0.643800 ms)

AssetImportWorkerClient::OnTransportError - code=2 error=End of file
